<?xml version="1.0" encoding="UTF-8"?>
<!-- Generated by org.testng.reporters.JUnitXMLReporter -->
<testsuite ignored="1" hostname="DESKTOP-0AAQTU0" failures="0" tests="1" name="Default test" time="58.507" errors="0" timestamp="2024-03-24T11:33:45 EDT">
  <testcase classname="thescore.MobileTestFramework.tests.LeagueTest" name="testLeague" time="35.46"/>
  <testcase classname="thescore.MobileTestFramework.tests.LeagueTest" name="testFile" time="0.0">
    <ignored/>
  </testcase> <!-- testFile -->
</testsuite> <!-- Default test -->
