<?xml version="1.0" encoding="UTF-8"?>
<!-- Generated by org.testng.reporters.JUnitXMLReporter -->
<testsuite ignored="1" hostname="DESKTOP-0AAQTU0" failures="0" tests="1" name="Default test" time="128.654" errors="0" timestamp="2024-03-25T14:54:41 EDT">
  <testcase classname="thescore.MobileTestFramework.tests.LeagueTest" name="getStartedTest" time="120.259"/>
  <testcase classname="thescore.MobileTestFramework.tests.LeagueTest" name="testLeague" time="0.0">
    <ignored/>
  </testcase> <!-- testLeague -->
</testsuite> <!-- Default test -->
