<?xml version="1.0" encoding="UTF-8"?>
<!-- Generated by org.testng.reporters.JUnitXMLReporter -->
<testsuite ignored="0" hostname="DESKTOP-0AAQTU0" failures="0" tests="2" name="Command line test" time="260.12" errors="0" timestamp="2024-03-25T15:00:06 EDT">
  <testcase classname="thescore.MobileTestFramework.tests.LeagueTest" name="getStartedTest" time="119.898"/>
  <testcase classname="thescore.MobileTestFramework.tests.LeagueTest" name="testLeague" time="122.924"/>
</testsuite> <!-- Command line test -->
