<?xml version="1.0" encoding="UTF-8"?>
<!-- Generated by org.testng.reporters.JUnitXMLReporter -->
<testsuite ignored="0" hostname="DESKTOP-0AAQTU0" failures="0" tests="2" name="Command line test" time="267.525" errors="0" timestamp="2024-03-25T12:50:11 EDT">
  <testcase classname="thescore.MobileTestFramework.tests.LeagueTest" name="getStartedTest" time="122.566"/>
  <testcase classname="thescore.MobileTestFramework.tests.LeagueTest" name="testLeague" time="123.872"/>
</testsuite> <!-- Command line test -->
