<?xml version="1.0" encoding="UTF-8"?>
<testng-results ignored="0" total="2" passed="2" failed="0" skipped="0">
  <reporter-output>
  </reporter-output>
  <suite started-at="2024-03-25T12:45:44 EDT" name="Command line suite" finished-at="2024-03-25T12:50:11 EDT" duration-ms="267525">
    <groups>
    </groups>
    <test started-at="2024-03-25T12:45:44 EDT" name="Command line test" finished-at="2024-03-25T12:50:11 EDT" duration-ms="267525">
      <class name="thescore.MobileTestFramework.tests.LeagueTest">
        <test-method is-config="true" signature="setup()[pri:0, instance:thescore.MobileTestFramework.tests.LeagueTest@5e5d171f]" started-at="2024-03-25T12:45:44 EDT" name="setup" finished-at="2024-03-25T12:45:55 EDT" duration-ms="11199" status="PASS">
          <reporter-output>
          </reporter-output>
        </test-method> <!-- setup -->
        <test-method signature="getStartedTest()[pri:0, instance:thescore.MobileTestFramework.tests.LeagueTest@5e5d171f]" started-at="2024-03-25T12:45:55 EDT" name="getStartedTest" finished-at="2024-03-25T12:47:58 EDT" duration-ms="122566" status="PASS">
          <reporter-output>
          </reporter-output>
        </test-method> <!-- getStartedTest -->
        <test-method is-config="true" signature="closeApplication()[pri:0, instance:thescore.MobileTestFramework.tests.LeagueTest@5e5d171f]" started-at="2024-03-25T12:47:58 EDT" name="closeApplication" finished-at="2024-03-25T12:47:58 EDT" duration-ms="339" status="PASS">
          <reporter-output>
          </reporter-output>
        </test-method> <!-- closeApplication -->
        <test-method is-config="true" signature="setup()[pri:0, instance:thescore.MobileTestFramework.tests.LeagueTest@5e5d171f]" started-at="2024-03-25T12:47:58 EDT" name="setup" finished-at="2024-03-25T12:48:07 EDT" duration-ms="9182" status="PASS">
          <reporter-output>
          </reporter-output>
        </test-method> <!-- setup -->
        <test-method signature="testLeague()[pri:0, instance:thescore.MobileTestFramework.tests.LeagueTest@5e5d171f]" started-at="2024-03-25T12:48:07 EDT" name="testLeague" finished-at="2024-03-25T12:50:11 EDT" duration-ms="123872" status="PASS">
          <reporter-output>
          </reporter-output>
        </test-method> <!-- testLeague -->
        <test-method is-config="true" signature="closeApplication()[pri:0, instance:thescore.MobileTestFramework.tests.LeagueTest@5e5d171f]" started-at="2024-03-25T12:50:11 EDT" name="closeApplication" finished-at="2024-03-25T12:50:11 EDT" duration-ms="328" status="PASS">
          <reporter-output>
          </reporter-output>
        </test-method> <!-- closeApplication -->
      </class> <!-- thescore.MobileTestFramework.tests.LeagueTest -->
    </test> <!-- Command line test -->
  </suite> <!-- Command line suite -->
</testng-results>
