<?xml version="1.0" encoding="UTF-8"?>
<testng-results ignored="0" total="2" passed="2" failed="0" skipped="0">
  <reporter-output>
  </reporter-output>
  <suite started-at="2024-03-25T14:55:46 EDT" name="Command line suite" finished-at="2024-03-25T15:00:06 EDT" duration-ms="260120">
    <groups>
    </groups>
    <test started-at="2024-03-25T14:55:46 EDT" name="Command line test" finished-at="2024-03-25T15:00:06 EDT" duration-ms="260120">
      <class name="thescore.MobileTestFramework.tests.LeagueTest">
        <test-method is-config="true" signature="setup()[pri:0, instance:thescore.MobileTestFramework.tests.LeagueTest@5e5d171f]" started-at="2024-03-25T14:55:46 EDT" name="setup" finished-at="2024-03-25T14:55:54 EDT" duration-ms="8081" status="PASS">
          <reporter-output>
          </reporter-output>
        </test-method> <!-- setup -->
        <test-method signature="getStartedTest()[pri:0, instance:thescore.MobileTestFramework.tests.LeagueTest@5e5d171f]" started-at="2024-03-25T14:55:54 EDT" name="getStartedTest" finished-at="2024-03-25T14:57:54 EDT" duration-ms="119898" status="PASS">
          <reporter-output>
          </reporter-output>
        </test-method> <!-- getStartedTest -->
        <test-method is-config="true" signature="closeApplication()[pri:0, instance:thescore.MobileTestFramework.tests.LeagueTest@5e5d171f]" started-at="2024-03-25T14:57:54 EDT" name="closeApplication" finished-at="2024-03-25T14:57:54 EDT" duration-ms="329" status="PASS">
          <reporter-output>
          </reporter-output>
        </test-method> <!-- closeApplication -->
        <test-method is-config="true" signature="setup()[pri:0, instance:thescore.MobileTestFramework.tests.LeagueTest@5e5d171f]" started-at="2024-03-25T14:57:54 EDT" name="setup" finished-at="2024-03-25T14:58:03 EDT" duration-ms="8465" status="PASS">
          <reporter-output>
          </reporter-output>
        </test-method> <!-- setup -->
        <test-method signature="testLeague()[pri:0, instance:thescore.MobileTestFramework.tests.LeagueTest@5e5d171f]" started-at="2024-03-25T14:58:03 EDT" name="testLeague" finished-at="2024-03-25T15:00:05 EDT" duration-ms="122924" status="PASS">
          <reporter-output>
          </reporter-output>
        </test-method> <!-- testLeague -->
        <test-method is-config="true" signature="closeApplication()[pri:0, instance:thescore.MobileTestFramework.tests.LeagueTest@5e5d171f]" started-at="2024-03-25T15:00:05 EDT" name="closeApplication" finished-at="2024-03-25T15:00:06 EDT" duration-ms="384" status="PASS">
          <reporter-output>
          </reporter-output>
        </test-method> <!-- closeApplication -->
      </class> <!-- thescore.MobileTestFramework.tests.LeagueTest -->
    </test> <!-- Command line test -->
  </suite> <!-- Command line suite -->
</testng-results>
