<?xml version="1.0" encoding="UTF-8"?>
<testng-results ignored="1" total="2" passed="1" failed="0" skipped="0">
  <reporter-output>
  </reporter-output>
  <suite started-at="2024-03-24T22:49:15 EDT" name="Default suite" finished-at="2024-03-24T22:51:28 EDT" duration-ms="133380">
    <groups>
    </groups>
    <test started-at="2024-03-24T22:49:15 EDT" name="Default test" finished-at="2024-03-24T22:51:28 EDT" duration-ms="133380">
      <class name="thescore.MobileTestFramework.tests.LeagueTest">
        <test-method is-config="true" signature="setup()[pri:0, instance:thescore.MobileTestFramework.tests.LeagueTest@6da21078]" started-at="2024-03-24T22:49:15 EDT" name="setup" finished-at="2024-03-24T22:49:25 EDT" duration-ms="9977" status="PASS">
          <reporter-output>
          </reporter-output>
        </test-method> <!-- setup -->
        <test-method signature="testLeague()[pri:0, instance:thescore.MobileTestFramework.tests.LeagueTest@6da21078]" started-at="2024-03-24T22:49:25 EDT" name="testLeague" finished-at="2024-03-24T22:51:28 EDT" duration-ms="123378" status="PASS">
          <reporter-output>
          </reporter-output>
        </test-method> <!-- testLeague -->
        <test-method is-config="true" signature="closeApplication()[pri:0, instance:thescore.MobileTestFramework.tests.LeagueTest@6da21078]" started-at="2024-03-24T22:51:28 EDT" name="closeApplication" finished-at="2024-03-24T22:51:28 EDT" duration-ms="1" status="PASS">
          <reporter-output>
          </reporter-output>
        </test-method> <!-- closeApplication -->
      </class> <!-- thescore.MobileTestFramework.tests.LeagueTest -->
    </test> <!-- Default test -->
  </suite> <!-- Default suite -->
</testng-results>
