<?xml version="1.0" encoding="UTF-8"?>
<testng-results ignored="1" total="2" passed="1" failed="0" skipped="0">
  <reporter-output>
  </reporter-output>
  <suite started-at="2024-03-25T14:52:32 EDT" name="Default suite" finished-at="2024-03-25T14:54:41 EDT" duration-ms="128654">
    <groups>
    </groups>
    <test started-at="2024-03-25T14:52:32 EDT" name="Default test" finished-at="2024-03-25T14:54:41 EDT" duration-ms="128654">
      <class name="thescore.MobileTestFramework.tests.LeagueTest">
        <test-method is-config="true" signature="setup()[pri:0, instance:thescore.MobileTestFramework.tests.LeagueTest@4de4b452]" started-at="2024-03-25T14:52:32 EDT" name="setup" finished-at="2024-03-25T14:52:40 EDT" duration-ms="8104" status="PASS">
          <reporter-output>
          </reporter-output>
        </test-method> <!-- setup -->
        <test-method signature="getStartedTest()[pri:0, instance:thescore.MobileTestFramework.tests.LeagueTest@4de4b452]" started-at="2024-03-25T14:52:40 EDT" name="getStartedTest" finished-at="2024-03-25T14:54:40 EDT" duration-ms="120259" status="PASS">
          <reporter-output>
          </reporter-output>
        </test-method> <!-- getStartedTest -->
        <test-method is-config="true" signature="closeApplication()[pri:0, instance:thescore.MobileTestFramework.tests.LeagueTest@4de4b452]" started-at="2024-03-25T14:54:40 EDT" name="closeApplication" finished-at="2024-03-25T14:54:41 EDT" duration-ms="269" status="PASS">
          <reporter-output>
          </reporter-output>
        </test-method> <!-- closeApplication -->
      </class> <!-- thescore.MobileTestFramework.tests.LeagueTest -->
    </test> <!-- Default test -->
  </suite> <!-- Default suite -->
</testng-results>
